[debug] [2024-06-03T07:41:48.309Z] ----------------------------------------------------------------------
[debug] [2024-06-03T07:41:48.314Z] Command:       C:\Program Files\nodejs\node.exe C:\Users\PBS\AppData\Roaming\npm\node_modules\firebase-tools\lib\bin\firebase.js init
[debug] [2024-06-03T07:41:48.315Z] CLI Version:   13.10.2
[debug] [2024-06-03T07:41:48.315Z] Platform:      win32
[debug] [2024-06-03T07:41:48.316Z] Node Version:  v20.13.1
[debug] [2024-06-03T07:41:48.316Z] Time:          Mon Jun 03 2024 00:41:48 GMT-0700 (Pacific Daylight Time)
[debug] [2024-06-03T07:41:48.316Z] ----------------------------------------------------------------------
[debug] 
[debug] [2024-06-03T07:41:48.476Z] > command requires scopes: ["email","openid","https://www.googleapis.com/auth/cloudplatformprojects.readonly","https://www.googleapis.com/auth/firebase","https://www.googleapis.com/auth/cloud-platform"]
[debug] [2024-06-03T07:41:48.477Z] > authorizing via signed-in user (sushantsnayak1234@gmail.com)
[info] 
     ######## #### ########  ######## ########     ###     ######  ########
     ##        ##  ##     ## ##       ##     ##  ##   ##  ##       ##
     ######    ##  ########  ######   ########  #########  ######  ######
     ##        ##  ##    ##  ##       ##     ## ##     ##       ## ##
     ##       #### ##     ## ######## ########  ##     ##  ######  ########

You're about to initialize a Firebase project in this directory:

  C:\Users\PBS\Desktop\portfolio

Before we get started, keep in mind:

  * You are initializing within an existing Firebase project directory

[info] 
=== Project Setup
[info] 
[info] First, let's associate this project directory with a Firebase project.
[info] You can create multiple project aliases by running firebase use --add, 
[info] but for now we'll just set up a default project.
[info] 
[debug] [2024-06-03T07:42:29.638Z] Using project from CLI flag: sushant-resume
[debug] [2024-06-03T07:42:29.642Z] >>> [apiv2][query] GET https://firebase.googleapis.com/v1beta1/projects/sushant-resume [none]
[debug] [2024-06-03T07:42:30.270Z] <<< [apiv2][status] GET https://firebase.googleapis.com/v1beta1/projects/sushant-resume 200
[debug] [2024-06-03T07:42:30.270Z] <<< [apiv2][body] GET https://firebase.googleapis.com/v1beta1/projects/sushant-resume {"projectId":"sushant-resume","projectNumber":"642993700809","displayName":"sushant-Resume","name":"projects/sushant-resume","resources":{"hostingSite":"sushant-resume"},"state":"ACTIVE","etag":"1_248583bc-4fec-4b7d-bce9-c6e6e778ecd2"}
[info] i  Using project sushant-resume (sushant-Resume) 
[info] 
=== Hosting Setup
[debug] [2024-06-03T07:42:30.279Z] >>> [apiv2][query] GET https://firebase.googleapis.com/v1beta1/projects/sushant-resume [none]
[debug] [2024-06-03T07:42:30.642Z] <<< [apiv2][status] GET https://firebase.googleapis.com/v1beta1/projects/sushant-resume 200
[debug] [2024-06-03T07:42:30.642Z] <<< [apiv2][body] GET https://firebase.googleapis.com/v1beta1/projects/sushant-resume {"projectId":"sushant-resume","projectNumber":"642993700809","displayName":"sushant-Resume","name":"projects/sushant-resume","resources":{"hostingSite":"sushant-resume"},"state":"ACTIVE","etag":"1_248583bc-4fec-4b7d-bce9-c6e6e778ecd2"}
[info] 
[info] Your public directory is the folder (relative to your project directory) that
[info] will contain Hosting assets to be uploaded with firebase deploy. If you
[info] have a build process for your assets, use your build's output directory.
[info] 
[info] i  Skipping write of portfolio/404.html 
[debug] [2024-06-03T07:44:36.165Z] >>> [apiv2][query] GET https://www.gstatic.com/firebasejs/releases.json [none]
[debug] [2024-06-03T07:44:36.343Z] <<< [apiv2][status] GET https://www.gstatic.com/firebasejs/releases.json 200
[debug] [2024-06-03T07:44:36.343Z] <<< [apiv2][body] GET https://www.gstatic.com/firebasejs/releases.json {"current":{"version":"10.12.2","browserURL":"https://www.gstatic.com/firebasejs/10.12.2/firebase.js","packageURL":"https://www.gstatic.com/firebasejs/10.12.2/firebase.tgz"},"live":{"version":"10.12","browserURL":"https://www.gstatic.com/firebasejs/live/10.12/firebase.js","packageURL":"https://www.gstatic.com/firebasejs/live/10.12/firebase.tgz"},"components":{"analytics":"https://www.gstatic.com/firebasejs/10.12.2/firebase-analytics.js","app":"https://www.gstatic.com/firebasejs/10.12.2/firebase-app.js","app-check":"https://www.gstatic.com/firebasejs/10.12.2/firebase-app-check.js","auth":"https://www.gstatic.com/firebasejs/10.12.2/firebase-auth.js","auth/cordova":"https://www.gstatic.com/firebasejs/10.12.2/firebase-auth/cordova.js","auth/web-extension":"https://www.gstatic.com/firebasejs/10.12.2/firebase-auth/web-extension.js","functions":"https://www.gstatic.com/firebasejs/10.12.2/firebase-functions.js","firestore":"https://www.gstatic.com/firebasejs/10.12.2/firebase-firestore.js","firestore/lite":"https://www.gstatic.com/firebasejs/10.12.2/firebase-firestore/lite.js","installations":"https://www.gstatic.com/firebasejs/10.12.2/firebase-installations.js","storage":"https://www.gstatic.com/firebasejs/10.12.2/firebase-storage.js","performance":"https://www.gstatic.com/firebasejs/10.12.2/firebase-performance.js","remote-config":"https://www.gstatic.com/firebasejs/10.12.2/firebase-remote-config.js","messaging":"https://www.gstatic.com/firebasejs/10.12.2/firebase-messaging.js","messaging/sw":"https://www.gstatic.com/firebasejs/10.12.2/firebase-messaging/sw.js","database":"https://www.gstatic.com/firebasejs/10.12.2/firebase-database.js","vertexai-preview":"https://www.gstatic.com/firebasejs/10.12.2/firebase-vertexai-preview.js","firestore.memory":"https://www.gstatic.com/firebasejs/10.12.2/firebase-firestore.memory.js"}}
[info] i  Skipping write of portfolio/index.html 
[info] 
[info] i  Didn't detect a .git folder. Assuming C:\Users\PBS\Desktop\portfolio is the project root. 
[info] i  Authorizing with GitHub to upload your service account to a GitHub repository's secrets store. 
[info] 
[info] Visit this URL on this device to log in:
[info] https://github.com/login/oauth/authorize?client_id=89cf50f02ac6aaed3484&state=995744812&redirect_uri=http%3A%2F%2Flocalhost%3A9005&scope=read%3Auser%20repo%20public_repo
[info] 
[info] Waiting for authentication...
